c:\prog\program\github.local\quakeselfcompiled\quakeselfcompiled\quakeselfcompiled\debug\chase.obj
c:\prog\program\github.local\quakeselfcompiled\quakeselfcompiled\quakeselfcompiled\debug\cl_tent.obj
c:\prog\program\github.local\quakeselfcompiled\quakeselfcompiled\quakeselfcompiled\debug\conproc.obj
c:\prog\program\github.local\quakeselfcompiled\quakeselfcompiled\quakeselfcompiled\debug\d_sky.obj
c:\prog\program\github.local\quakeselfcompiled\quakeselfcompiled\quakeselfcompiled\debug\d_zpoint.obj
c:\prog\program\github.local\quakeselfcompiled\quakeselfcompiled\quakeselfcompiled\debug\keys.obj
c:\prog\program\github.local\quakeselfcompiled\quakeselfcompiled\quakeselfcompiled\debug\model.obj
c:\prog\program\github.local\quakeselfcompiled\quakeselfcompiled\quakeselfcompiled\debug\net_loop.obj
c:\prog\program\github.local\quakeselfcompiled\quakeselfcompiled\quakeselfcompiled\debug\net_main.obj
c:\prog\program\github.local\quakeselfcompiled\quakeselfcompiled\quakeselfcompiled\debug\net_win.obj
c:\prog\program\github.local\quakeselfcompiled\quakeselfcompiled\quakeselfcompiled\debug\nonintel.obj
c:\prog\program\github.local\quakeselfcompiled\quakeselfcompiled\quakeselfcompiled\debug\pr_edict.obj
c:\prog\program\github.local\quakeselfcompiled\quakeselfcompiled\quakeselfcompiled\debug\r_aclip.obj
c:\prog\program\github.local\quakeselfcompiled\quakeselfcompiled\quakeselfcompiled\debug\r_bsp.obj
c:\prog\program\github.local\quakeselfcompiled\quakeselfcompiled\quakeselfcompiled\debug\r_light.obj
c:\prog\program\github.local\quakeselfcompiled\quakeselfcompiled\quakeselfcompiled\debug\r_sky.obj
c:\prog\program\github.local\quakeselfcompiled\quakeselfcompiled\quakeselfcompiled\debug\sbar.obj
c:\prog\program\github.local\quakeselfcompiled\quakeselfcompiled\quakeselfcompiled\debug\snd_mix.obj
c:\prog\program\github.local\quakeselfcompiled\quakeselfcompiled\quakeselfcompiled\debug\vid_win.obj
c:\prog\program\github.local\quakeselfcompiled\quakeselfcompiled\quakeselfcompiled\debug\cl_input.obj
c:\prog\program\github.local\quakeselfcompiled\quakeselfcompiled\quakeselfcompiled\debug\cl_main.obj
c:\prog\program\github.local\quakeselfcompiled\quakeselfcompiled\quakeselfcompiled\debug\cmd.obj
c:\prog\program\github.local\quakeselfcompiled\quakeselfcompiled\quakeselfcompiled\debug\console.obj
c:\prog\program\github.local\quakeselfcompiled\quakeselfcompiled\quakeselfcompiled\debug\draw.obj
c:\prog\program\github.local\quakeselfcompiled\quakeselfcompiled\quakeselfcompiled\debug\d_init.obj
c:\prog\program\github.local\quakeselfcompiled\quakeselfcompiled\quakeselfcompiled\debug\d_polyse.obj
c:\prog\program\github.local\quakeselfcompiled\quakeselfcompiled\quakeselfcompiled\debug\d_vars.obj
c:\prog\program\github.local\quakeselfcompiled\quakeselfcompiled\quakeselfcompiled\debug\in_win.obj
c:\prog\program\github.local\quakeselfcompiled\quakeselfcompiled\quakeselfcompiled\debug\net_vcr.obj
c:\prog\program\github.local\quakeselfcompiled\quakeselfcompiled\quakeselfcompiled\debug\net_wipx.obj
c:\prog\program\github.local\quakeselfcompiled\quakeselfcompiled\quakeselfcompiled\debug\r_efrag.obj
c:\prog\program\github.local\quakeselfcompiled\quakeselfcompiled\quakeselfcompiled\debug\r_misc.obj
c:\prog\program\github.local\quakeselfcompiled\quakeselfcompiled\quakeselfcompiled\debug\r_surf.obj
c:\prog\program\github.local\quakeselfcompiled\quakeselfcompiled\quakeselfcompiled\debug\snd_dma.obj
c:\prog\program\github.local\quakeselfcompiled\quakeselfcompiled\quakeselfcompiled\debug\sv_user.obj
c:\prog\program\github.local\quakeselfcompiled\quakeselfcompiled\quakeselfcompiled\debug\wad.obj
c:\prog\program\github.local\quakeselfcompiled\quakeselfcompiled\quakeselfcompiled\debug\zone.obj
c:\prog\program\github.local\quakeselfcompiled\quakeselfcompiled\quakeselfcompiled\debug\cd_win.obj
c:\prog\program\github.local\quakeselfcompiled\quakeselfcompiled\quakeselfcompiled\debug\cvar.obj
c:\prog\program\github.local\quakeselfcompiled\quakeselfcompiled\quakeselfcompiled\debug\d_modech.obj
c:\prog\program\github.local\quakeselfcompiled\quakeselfcompiled\quakeselfcompiled\debug\d_scan.obj
c:\prog\program\github.local\quakeselfcompiled\quakeselfcompiled\quakeselfcompiled\debug\d_surf.obj
c:\prog\program\github.local\quakeselfcompiled\quakeselfcompiled\quakeselfcompiled\debug\host_cmd.obj
c:\prog\program\github.local\quakeselfcompiled\quakeselfcompiled\quakeselfcompiled\debug\menu.obj
c:\prog\program\github.local\quakeselfcompiled\quakeselfcompiled\quakeselfcompiled\debug\net_wins.obj
c:\prog\program\github.local\quakeselfcompiled\quakeselfcompiled\quakeselfcompiled\debug\r_edge.obj
c:\prog\program\github.local\quakeselfcompiled\quakeselfcompiled\quakeselfcompiled\debug\r_part.obj
c:\prog\program\github.local\quakeselfcompiled\quakeselfcompiled\quakeselfcompiled\debug\r_vars.obj
c:\prog\program\github.local\quakeselfcompiled\quakeselfcompiled\quakeselfcompiled\debug\snd_mem.obj
c:\prog\program\github.local\quakeselfcompiled\quakeselfcompiled\quakeselfcompiled\debug\sv_main.obj
c:\prog\program\github.local\quakeselfcompiled\quakeselfcompiled\quakeselfcompiled\debug\sv_move.obj
c:\prog\program\github.local\quakeselfcompiled\quakeselfcompiled\quakeselfcompiled\debug\sv_phys.obj
c:\prog\program\github.local\quakeselfcompiled\quakeselfcompiled\quakeselfcompiled\debug\sys_win.obj
c:\prog\program\github.local\quakeselfcompiled\quakeselfcompiled\quakeselfcompiled\debug\cl_demo.obj
c:\prog\program\github.local\quakeselfcompiled\quakeselfcompiled\quakeselfcompiled\debug\cl_parse.obj
c:\prog\program\github.local\quakeselfcompiled\quakeselfcompiled\quakeselfcompiled\debug\common.obj
c:\prog\program\github.local\quakeselfcompiled\quakeselfcompiled\quakeselfcompiled\debug\crc.obj
c:\prog\program\github.local\quakeselfcompiled\quakeselfcompiled\quakeselfcompiled\debug\d_edge.obj
c:\prog\program\github.local\quakeselfcompiled\quakeselfcompiled\quakeselfcompiled\debug\d_fill.obj
c:\prog\program\github.local\quakeselfcompiled\quakeselfcompiled\quakeselfcompiled\debug\d_part.obj
c:\prog\program\github.local\quakeselfcompiled\quakeselfcompiled\quakeselfcompiled\debug\d_sprite.obj
c:\prog\program\github.local\quakeselfcompiled\quakeselfcompiled\quakeselfcompiled\debug\host.obj
c:\prog\program\github.local\quakeselfcompiled\quakeselfcompiled\quakeselfcompiled\debug\mathlib.obj
c:\prog\program\github.local\quakeselfcompiled\quakeselfcompiled\quakeselfcompiled\debug\net_dgrm.obj
c:\prog\program\github.local\quakeselfcompiled\quakeselfcompiled\quakeselfcompiled\debug\pr_cmds.obj
c:\prog\program\github.local\quakeselfcompiled\quakeselfcompiled\quakeselfcompiled\debug\pr_exec.obj
c:\prog\program\github.local\quakeselfcompiled\quakeselfcompiled\quakeselfcompiled\debug\r_alias.obj
c:\prog\program\github.local\quakeselfcompiled\quakeselfcompiled\quakeselfcompiled\debug\r_draw.obj
c:\prog\program\github.local\quakeselfcompiled\quakeselfcompiled\quakeselfcompiled\debug\r_main.obj
c:\prog\program\github.local\quakeselfcompiled\quakeselfcompiled\quakeselfcompiled\debug\r_sprite.obj
c:\prog\program\github.local\quakeselfcompiled\quakeselfcompiled\quakeselfcompiled\debug\screen.obj
c:\prog\program\github.local\quakeselfcompiled\quakeselfcompiled\quakeselfcompiled\debug\snd_win.obj
c:\prog\program\github.local\quakeselfcompiled\quakeselfcompiled\quakeselfcompiled\debug\view.obj
c:\prog\program\github.local\quakeselfcompiled\quakeselfcompiled\quakeselfcompiled\debug\world.obj
c:\prog\program\github.local\quakeselfcompiled\quakeselfcompiled\quakeselfcompiled\debug\vc140.pdb
c:\prog\program\github.local\quakeselfcompiled\quakeselfcompiled\debug\quakeselfcompiled.ilk
c:\prog\program\github.local\quakeselfcompiled\quakeselfcompiled\debug\quakeselfcompiled.exe
c:\prog\program\github.local\quakeselfcompiled\quakeselfcompiled\debug\quakeselfcompiled.pdb
c:\prog\program\github.local\quakeselfcompiled\quakeselfcompiled\quakeselfcompiled\debug\winquake.res
c:\prog\program\github.local\quakeselfcompiled\quakeselfcompiled\quakeselfcompiled\debug\vc140.idb
c:\prog\program\github.local\quakeselfcompiled\quakeselfcompiled\quakeselfcompiled\debug\quakesel.185b18fd.tlog\cl.command.1.tlog
c:\prog\program\github.local\quakeselfcompiled\quakeselfcompiled\quakeselfcompiled\debug\quakesel.185b18fd.tlog\cl.read.1.tlog
c:\prog\program\github.local\quakeselfcompiled\quakeselfcompiled\quakeselfcompiled\debug\quakesel.185b18fd.tlog\cl.write.1.tlog
c:\prog\program\github.local\quakeselfcompiled\quakeselfcompiled\quakeselfcompiled\debug\quakesel.185b18fd.tlog\link.command.1.tlog
c:\prog\program\github.local\quakeselfcompiled\quakeselfcompiled\quakeselfcompiled\debug\quakesel.185b18fd.tlog\link.read.1.tlog
c:\prog\program\github.local\quakeselfcompiled\quakeselfcompiled\quakeselfcompiled\debug\quakesel.185b18fd.tlog\link.write.1.tlog
c:\prog\program\github.local\quakeselfcompiled\quakeselfcompiled\quakeselfcompiled\debug\quakesel.185b18fd.tlog\rc.command.1.tlog
c:\prog\program\github.local\quakeselfcompiled\quakeselfcompiled\quakeselfcompiled\debug\quakesel.185b18fd.tlog\rc.read.1.tlog
c:\prog\program\github.local\quakeselfcompiled\quakeselfcompiled\quakeselfcompiled\debug\quakesel.185b18fd.tlog\rc.write.1.tlog
