Der Buildvorgang wurde am 02.03.2016 11:20:21 gestartet.
     1>Projekt "C:\Prog\PROGRAM\Github.local\QuakeSelfCompiled\QuakeSelfCompiled\QuakeSelfCompiled\QuakeSelfCompiled.vcxproj" auf Knoten "2", Rebuild Ziel(e).
     1>ClCompile:
         C:\Prog\Microsoft Visual Studio 14.0\VC\bin\CL.exe /c /IC:\Prog\PROGRAM\Github.local\QuakeSelfCompiled\QuakeSelfCompiled\..\_depts\scitech\include /ZI /nologo /W3 /WX- /sdl- /MP /Od /Oy- /D WIN32 /D _CRT_SECURE_NO_WARNINGS /D _DEBUG /D _WINDOWS /D _MBCS /U"-startwindowed" /Gm- /EHsc /RTC1 /MDd /GS /fp:precise /Zc:wchar_t /Zc:forScope /Zc:inline /Fo"Debug\\" /Fd"Debug\vc140.pdb" /Gd /TC /wd4244 /wd4305 /wd4715 /wd4996 /wd4018 /analyze- /errorReport:prompt cd_win.c chase.c cl_demo.c cl_input.c cl_main.c cl_parse.c cl_tent.c cmd.c common.c conproc.c console.c crc.c cvar.c draw.c d_edge.c d_fill.c d_init.c d_modech.c d_part.c d_polyse.c d_scan.c d_sky.c d_sprite.c d_surf.c d_vars.c d_zpoint.c host.c host_cmd.c in_win.c keys.c mathlib.c menu.c model.c net_dgrm.c net_loop.c net_main.c net_vcr.c net_win.c net_wins.c net_wipx.c nonintel.c pr_cmds.c pr_edict.c pr_exec.c r_aclip.c r_alias.c r_bsp.c r_draw.c r_edge.c r_efrag.c r_light.c r_main.c r_misc.c r_part.c r_sky.c r_sprite.c r_surf.c r_vars.c sbar.c screen.c snd_dma.c snd_mem.c snd_mix.c snd_win.c sv_main.c sv_move.c sv_phys.c sv_user.c sys_win.c vid_win.c view.c wad.c world.c zone.c
         cd_win.c
         chase.c
         cl_demo.c
         cl_input.c
         cl_main.c
         cl_parse.c
         cl_tent.c
         cmd.c
         common.c
         conproc.c
         console.c
         crc.c
         cvar.c
         draw.c
         d_edge.c
         d_fill.c
         d_init.c
         d_modech.c
         d_part.c
         d_polyse.c
         d_scan.c
         d_sky.c
         d_sprite.c
         d_surf.c
         d_vars.c
         d_zpoint.c
         host.c
         host_cmd.c
         in_win.c
         keys.c
         mathlib.c
         menu.c
         model.c
         net_dgrm.c
         c:\program files (x86)\windows kits\8.1\include\um\dinput.h: DIRECTINPUT_VERSION undefined. Defaulting to version 0x0800
         net_loop.c
         net_main.c
         net_vcr.c
         net_win.c
         net_wins.c
         net_wipx.c
         nonintel.c
         pr_cmds.c
         pr_edict.c
         pr_exec.c
         r_aclip.c
         r_alias.c
         r_bsp.c
         r_draw.c
         r_edge.c
         r_efrag.c
         r_light.c
         r_main.c
         r_misc.c
         r_part.c
         r_sky.c
         r_sprite.c
         r_surf.c
         r_vars.c
         sbar.c
         screen.c
         snd_dma.c
         snd_mem.c
         snd_mix.c
         snd_win.c
         sv_main.c
         sv_move.c
         sv_phys.c
         sv_user.c
         sys_win.c
         vid_win.c
         view.c
         wad.c
         world.c
         zone.c
       ResourceCompile:
         C:\Program Files (x86)\Windows Kits\8.1\bin\x86\rc.exe /l"0x0409" /nologo /fo"Debug\winquake.res" winquake.rc 
       Link:
         C:\Prog\Microsoft Visual Studio 14.0\VC\bin\link.exe /ERRORREPORT:PROMPT /OUT:"C:\Prog\PROGRAM\Github.local\QuakeSelfCompiled\QuakeSelfCompiled\Debug\QuakeSelfCompiled.exe" /INCREMENTAL /NOLOGO /LIBPATH:C:\Prog\PROGRAM\Github.local\QuakeSelfCompiled\QuakeSelfCompiled\..\_depts\scitech\lib\win32\vc MGLLT.LIB Winmm.lib DXGUID.lib wsock32.lib kernel32.lib user32.lib gdi32.lib winspool.lib comdlg32.lib advapi32.lib shell32.lib ole32.lib oleaut32.lib uuid.lib odbc32.lib odbccp32.lib /NODEFAULTLIB:LIBC.lib /MANIFEST /MANIFESTUAC:"level='asInvoker' uiAccess='false'" /manifest:embed /Debug /PDB:"C:\Prog\PROGRAM\Github.local\QuakeSelfCompiled\QuakeSelfCompiled\Debug\QuakeSelfCompiled.pdb" /SUBSYSTEM:WINDOWS /TLBID:1 /DYNAMICBASE /NXCOMPAT /IMPLIB:"C:\Prog\PROGRAM\Github.local\QuakeSelfCompiled\QuakeSelfCompiled\Debug\QuakeSelfCompiled.lib" /MACHINE:X86 Debug\winquake.res
         Debug\cd_win.obj
         Debug\chase.obj
         Debug\cl_demo.obj
         Debug\cl_input.obj
         Debug\cl_main.obj
         Debug\cl_parse.obj
         Debug\cl_tent.obj
         Debug\cmd.obj
         Debug\common.obj
         Debug\conproc.obj
         Debug\console.obj
         Debug\crc.obj
         Debug\cvar.obj
         Debug\draw.obj
         Debug\d_edge.obj
         Debug\d_fill.obj
         Debug\d_init.obj
         Debug\d_modech.obj
         Debug\d_part.obj
         Debug\d_polyse.obj
         Debug\d_scan.obj
         Debug\d_sky.obj
         Debug\d_sprite.obj
         Debug\d_surf.obj
         Debug\d_vars.obj
         Debug\d_zpoint.obj
         Debug\host.obj
         Debug\host_cmd.obj
         Debug\in_win.obj
         Debug\keys.obj
         Debug\mathlib.obj
         Debug\menu.obj
         Debug\model.obj
         Debug\net_dgrm.obj
         Debug\net_loop.obj
         Debug\net_main.obj
         Debug\net_vcr.obj
         Debug\net_win.obj
         Debug\net_wins.obj
         Debug\net_wipx.obj
         Debug\nonintel.obj
         Debug\pr_cmds.obj
         Debug\pr_edict.obj
         Debug\pr_exec.obj
         Debug\r_aclip.obj
         Debug\r_alias.obj
         Debug\r_bsp.obj
         Debug\r_draw.obj
         Debug\r_edge.obj
         Debug\r_efrag.obj
         Debug\r_light.obj
         Debug\r_main.obj
         Debug\r_misc.obj
         Debug\r_part.obj
         Debug\r_sky.obj
         Debug\r_sprite.obj
         Debug\r_surf.obj
         Debug\r_vars.obj
         Debug\sbar.obj
         Debug\screen.obj
         Debug\snd_dma.obj
         Debug\snd_mem.obj
         Debug\snd_mix.obj
         Debug\snd_win.obj
         Debug\sv_main.obj
         Debug\sv_move.obj
         Debug\sv_phys.obj
         Debug\sv_user.obj
         Debug\sys_win.obj
         Debug\vid_win.obj
         Debug\view.obj
         Debug\wad.obj
         Debug\world.obj
         Debug\zone.obj
         QuakeSelfCompiled.vcxproj -> C:\Prog\PROGRAM\Github.local\QuakeSelfCompiled\QuakeSelfCompiled\Debug\QuakeSelfCompiled.exe
     1>Die Erstellung von Projekt "C:\Prog\PROGRAM\Github.local\QuakeSelfCompiled\QuakeSelfCompiled\QuakeSelfCompiled\QuakeSelfCompiled.vcxproj" ist abgeschlossen (Rebuild Ziel(e)).

Der Buildvorgang wurde erfolgreich ausgeführt.

Verstrichene Zeit 00:00:08.70
